<?xml version="1.0" encoding="UTF-8"?>
<!-- Generated by org.testng.reporters.JUnitReportReporter -->
<testsuite hostname="MAVERICKS-QA9L" failures="0" tests="1" name="com.qa.test.testLoginPage" time="0.009" errors="0" timestamp="2023-06-12T21:29:03 IST" skipped="0">
  <testcase classname="com.qa.test.testLoginPage" name="checkLoginPageTitle" time="0.009"/>
</testsuite> <!-- com.qa.test.testLoginPage -->
