<?xml version="1.0" encoding="UTF-8"?>
<!-- Generated by org.testng.reporters.JUnitReportReporter -->
<testsuite hostname="MAVERICKS-QA9L" failures="0" tests="3" name="com.qa.testcases.TestNGConstructorConcept" time="0.012" errors="0" timestamp="2023-06-20T11:38:17 IST" skipped="0">
  <testcase classname="com.qa.testcases.TestNGConstructorConcept" name="Testcase2" time="0.001"/>
  <system-out/>
  <testcase classname="com.qa.testcases.TestNGConstructorConcept" name="Testcase3" time="0.000"/>
  <system-out/>
  <testcase classname="com.qa.testcases.TestNGConstructorConcept" name="Testcase1" time="0.011"/>
  <system-out/>
</testsuite> <!-- com.qa.testcases.TestNGConstructorConcept -->
