<?xml version="1.0" encoding="UTF-8"?>
<!-- Generated by org.testng.reporters.JUnitReportReporter -->
<testsuite hostname="MAVERICKS-QA9L" failures="0" tests="10" name="com.qa.testcases.TestcaseswithDataProvider" time="0.024" errors="0" timestamp="2023-07-04T11:33:38 IST" skipped="0">
  <testcase classname="com.qa.testcases.TestcaseswithDataProvider" name="testcase_withVijayUser2" time="0.001"/>
  <system-out/>
  <testcase classname="com.qa.testcases.TestcaseswithDataProvider" name="testcase_withVijayUser" time="0.002"/>
  <system-out/>
  <testcase classname="com.qa.testcases.TestcaseswithDataProvider" name="testcase_withVijayUser1" time="0.002"/>
  <system-out/>
  <testcase classname="com.qa.testcases.TestcaseswithDataProvider" name="testcase_withVijayUser1" time="0.002"/>
  <system-out/>
  <testcase classname="com.qa.testcases.TestcaseswithDataProvider" name="testcase_withVijayUser1" time="0.002"/>
  <system-out/>
  <testcase classname="com.qa.testcases.TestcaseswithDataProvider" name="testcase_withVijayUser2" time="0.001"/>
  <system-out/>
  <testcase classname="com.qa.testcases.TestcaseswithDataProvider" name="testcase_withVijayUser2" time="0.002"/>
  <system-out/>
  <testcase classname="com.qa.testcases.TestcaseswithDataProvider" name="testcase_withVijayUser" time="0.005"/>
  <system-out/>
  <testcase classname="com.qa.testcases.TestcaseswithDataProvider" name="testcase_withVijayUser" time="0.006"/>
  <system-out/>
  <testcase classname="com.qa.testcases.TestcaseswithDataProvider" name="testcase_withVijayUser" time="0.001"/>
  <system-out/>
</testsuite> <!-- com.qa.testcases.TestcaseswithDataProvider -->
