<?xml version="1.0" encoding="UTF-8"?>
<!-- Generated by org.testng.reporters.JUnitReportReporter -->
<testsuite hostname="MAVERICKS-QA9L" failures="0" tests="1" name="com.qa.testcasesmain.CheckLoginUsingDataProvider" time="9.511" errors="0" timestamp="2023-07-04T10:48:44 IST" skipped="0">
  <testcase classname="com.qa.testcasesmain.CheckLoginUsingDataProvider" name="check_validuser_login_functionality" time="9.511"/>
  <system-out/>
</testsuite> <!-- com.qa.testcasesmain.CheckLoginUsingDataProvider -->
