<?xml version="1.0" encoding="UTF-8"?>
<!-- Generated by org.testng.reporters.JUnitReportReporter -->
<testsuite hostname="MAVERICKS-QA9L" failures="0" tests="3" name="com.qa.testcases.LoginPageTestcaseByTestNG" time="23.500" errors="0" timestamp="2023-06-20T10:29:10 IST" skipped="0">
  <testcase classname="com.qa.testcases.LoginPageTestcaseByTestNG" name="Verify_USernamePassword_Labels_LoginPage" time="5.411"/>
  <system-out/>
  <testcase classname="com.qa.testcases.LoginPageTestcaseByTestNG" name="Verify_HeaderContent_Login_Page" time="10.215"/>
  <system-out/>
  <testcase classname="com.qa.testcases.LoginPageTestcaseByTestNG" name="Verify_Login_text_dislayed_LoginButton" time="7.874"/>
  <system-out/>
</testsuite> <!-- com.qa.testcases.LoginPageTestcaseByTestNG -->
